<?xml version="1.0" encoding="UTF-8" standalone="no"?>
<!DOCTYPE log SYSTEM "logger.dtd">
<log>
<record>
  <date>2018-05-31T17:19:41</date>
  <millis>1527797981059</millis>
  <sequence>0</sequence>
  <logger>java.util.logging.Logger</logger>
  <level>SEVERE</level>
  <class>bancodados.Log</class>
  <method>gravaLog</method>
  <thread>14</thread>
  <message>java.sql.SQLException: No suitable driver found for jdbc:postgresql://localhost/</message>
  <exception>
    <message>java.sql.SQLException: No suitable driver found for jdbc:postgresql://localhost/</message>
    <frame>
      <class>java.sql.DriverManager</class>
      <method>getConnection</method>
      <line>689</line>
    </frame>
    <frame>
      <class>java.sql.DriverManager</class>
      <method>getConnection</method>
      <line>247</line>
    </frame>
    <frame>
      <class>bancodados.ConectorJDBC</class>
      <method>abreConexaoSemBD</method>
      <line>78</line>
    </frame>
    <frame>
      <class>bancodados.GerenciadorBaseDadosJDBC</class>
      <method>criaBancoDeDados</method>
      <line>63</line>
    </frame>
    <frame>
      <class>bancodados.GerenciadorBaseDadosJDBC</class>
      <method>&lt;init&gt;</method>
      <line>26</line>
    </frame>
    <frame>
      <class>negocio.RegrasNegocio</class>
      <method>&lt;init&gt;</method>
      <line>29</line>
    </frame>
    <frame>
      <class>Telas.Telas</class>
      <method>CBTipoCadResvActionPerformed</method>
      <line>2587</line>
    </frame>
    <frame>
      <class>Telas.Telas</class>
      <method>access$1800</method>
      <line>57</line>
    </frame>
    <frame>
      <class>Telas.Telas$19</class>
      <method>actionPerformed</method>
      <line>1268</line>
    </frame>
    <frame>
      <class>javax.swing.JComboBox</class>
      <method>fireActionEvent</method>
      <line>1258</line>
    </frame>
    <frame>
      <class>javax.swing.JComboBox</class>
      <method>setSelectedItem</method>
      <line>586</line>
    </frame>
    <frame>
      <class>javax.swing.JComboBox</class>
      <method>setSelectedIndex</method>
      <line>622</line>
    </frame>
    <frame>
      <class>javax.swing.plaf.basic.BasicComboPopup$Handler</class>
      <method>mouseReleased</method>
      <line>861</line>
    </frame>
    <frame>
      <class>java.awt.AWTEventMulticaster</class>
      <method>mouseReleased</method>
      <line>290</line>
    </frame>
    <frame>
      <class>java.awt.Component</class>
      <method>processMouseEvent</method>
      <line>6533</line>
    </frame>
    <frame>
      <class>javax.swing.JComponent</class>
      <method>processMouseEvent</method>
      <line>3324</line>
    </frame>
    <frame>
      <class>javax.swing.plaf.basic.BasicComboPopup$1</class>
      <method>processMouseEvent</method>
      <line>510</line>
    </frame>
    <frame>
      <class>java.awt.Component</class>
      <method>processEvent</method>
      <line>6298</line>
    </frame>
    <frame>
      <class>java.awt.Container</class>
      <method>processEvent</method>
      <line>2238</line>
    </frame>
    <frame>
      <class>java.awt.Component</class>
      <method>dispatchEventImpl</method>
      <line>4889</line>
    </frame>
    <frame>
      <class>java.awt.Container</class>
      <method>dispatchEventImpl</method>
      <line>2296</line>
    </frame>
    <frame>
      <class>java.awt.Component</class>
      <method>dispatchEvent</method>
      <line>4711</line>
    </frame>
    <frame>
      <class>java.awt.LightweightDispatcher</class>
      <method>retargetMouseEvent</method>
      <line>4897</line>
    </frame>
    <frame>
      <class>java.awt.LightweightDispatcher</class>
      <method>processMouseEvent</method>
      <line>4534</line>
    </frame>
    <frame>
      <class>java.awt.LightweightDispatcher</class>
      <method>dispatchEvent</method>
      <line>4475</line>
    </frame>
    <frame>
      <class>java.awt.Container</class>
      <method>dispatchEventImpl</method>
      <line>2282</line>
    </frame>
    <frame>
      <class>java.awt.Window</class>
      <method>dispatchEventImpl</method>
      <line>2746</line>
    </frame>
    <frame>
      <class>java.awt.Component</class>
      <method>dispatchEvent</method>
      <line>4711</line>
    </frame>
    <frame>
      <class>java.awt.EventQueue</class>
      <method>dispatchEventImpl</method>
      <line>760</line>
    </frame>
    <frame>
      <class>java.awt.EventQueue</class>
      <method>access$500</method>
      <line>97</line>
    </frame>
    <frame>
      <class>java.awt.EventQueue$3</class>
      <method>run</method>
      <line>709</line>
    </frame>
    <frame>
      <class>java.awt.EventQueue$3</class>
      <method>run</method>
      <line>703</line>
    </frame>
    <frame>
      <class>java.security.AccessController</class>
      <method>doPrivileged</method>
    </frame>
    <frame>
      <class>java.security.ProtectionDomain$JavaSecurityAccessImpl</class>
      <method>doIntersectionPrivilege</method>
      <line>80</line>
    </frame>
    <frame>
      <class>java.security.ProtectionDomain$JavaSecurityAccessImpl</class>
      <method>doIntersectionPrivilege</method>
      <line>90</line>
    </frame>
    <frame>
      <class>java.awt.EventQueue$4</class>
      <method>run</method>
      <line>733</line>
    </frame>
    <frame>
      <class>java.awt.EventQueue$4</class>
      <method>run</method>
      <line>731</line>
    </frame>
    <frame>
      <class>java.security.AccessController</class>
      <method>doPrivileged</method>
    </frame>
    <frame>
      <class>java.security.ProtectionDomain$JavaSecurityAccessImpl</class>
      <method>doIntersectionPrivilege</method>
      <line>80</line>
    </frame>
    <frame>
      <class>java.awt.EventQueue</class>
      <method>dispatchEvent</method>
      <line>730</line>
    </frame>
    <frame>
      <class>java.awt.EventDispatchThread</class>
      <method>pumpOneEventForFilters</method>
      <line>205</line>
    </frame>
    <frame>
      <class>java.awt.EventDispatchThread</class>
      <method>pumpEventsForFilter</method>
      <line>116</line>
    </frame>
    <frame>
      <class>java.awt.EventDispatchThread</class>
      <method>pumpEventsForHierarchy</method>
      <line>105</line>
    </frame>
    <frame>
      <class>java.awt.EventDispatchThread</class>
      <method>pumpEvents</method>
      <line>101</line>
    </frame>
    <frame>
      <class>java.awt.EventDispatchThread</class>
      <method>pumpEvents</method>
      <line>93</line>
    </frame>
    <frame>
      <class>java.awt.EventDispatchThread</class>
      <method>run</method>
      <line>82</line>
    </frame>
  </exception>
</record>
<record>
  <date>2018-05-31T17:19:41</date>
  <millis>1527797981090</millis>
  <sequence>1</sequence>
  <logger>java.util.logging.Logger</logger>
  <level>SEVERE</level>
  <class>bancodados.Log</class>
  <method>gravaLog</method>
  <thread>14</thread>
  <message>negocio.RegrasNegocioException: bancodados.Banco_de_DadosException: Problemas no acesso ao banco de dados.</message>
  <exception>
    <message>negocio.RegrasNegocioException: bancodados.Banco_de_DadosException: Problemas no acesso ao banco de dados.</message>
    <frame>
      <class>negocio.RegrasNegocio</class>
      <method>&lt;init&gt;</method>
      <line>33</line>
    </frame>
    <frame>
      <class>Telas.Telas</class>
      <method>CBTipoCadResvActionPerformed</method>
      <line>2587</line>
    </frame>
    <frame>
      <class>Telas.Telas</class>
      <method>access$1800</method>
      <line>57</line>
    </frame>
    <frame>
      <class>Telas.Telas$19</class>
      <method>actionPerformed</method>
      <line>1268</line>
    </frame>
    <frame>
      <class>javax.swing.JComboBox</class>
      <method>fireActionEvent</method>
      <line>1258</line>
    </frame>
    <frame>
      <class>javax.swing.JComboBox</class>
      <method>setSelectedItem</method>
      <line>586</line>
    </frame>
    <frame>
      <class>javax.swing.JComboBox</class>
      <method>setSelectedIndex</method>
      <line>622</line>
    </frame>
    <frame>
      <class>javax.swing.plaf.basic.BasicComboPopup$Handler</class>
      <method>mouseReleased</method>
      <line>861</line>
    </frame>
    <frame>
      <class>java.awt.AWTEventMulticaster</class>
      <method>mouseReleased</method>
      <line>290</line>
    </frame>
    <frame>
      <class>java.awt.Component</class>
      <method>processMouseEvent</method>
      <line>6533</line>
    </frame>
    <frame>
      <class>javax.swing.JComponent</class>
      <method>processMouseEvent</method>
      <line>3324</line>
    </frame>
    <frame>
      <class>javax.swing.plaf.basic.BasicComboPopup$1</class>
      <method>processMouseEvent</method>
      <line>510</line>
    </frame>
    <frame>
      <class>java.awt.Component</class>
      <method>processEvent</method>
      <line>6298</line>
    </frame>
    <frame>
      <class>java.awt.Container</class>
      <method>processEvent</method>
      <line>2238</line>
    </frame>
    <frame>
      <class>java.awt.Component</class>
      <method>dispatchEventImpl</method>
      <line>4889</line>
    </frame>
    <frame>
      <class>java.awt.Container</class>
      <method>dispatchEventImpl</method>
      <line>2296</line>
    </frame>
    <frame>
      <class>java.awt.Component</class>
      <method>dispatchEvent</method>
      <line>4711</line>
    </frame>
    <frame>
      <class>java.awt.LightweightDispatcher</class>
      <method>retargetMouseEvent</method>
      <line>4897</line>
    </frame>
    <frame>
      <class>java.awt.LightweightDispatcher</class>
      <method>processMouseEvent</method>
      <line>4534</line>
    </frame>
    <frame>
      <class>java.awt.LightweightDispatcher</class>
      <method>dispatchEvent</method>
      <line>4475</line>
    </frame>
    <frame>
      <class>java.awt.Container</class>
      <method>dispatchEventImpl</method>
      <line>2282</line>
    </frame>
    <frame>
      <class>java.awt.Window</class>
      <method>dispatchEventImpl</method>
      <line>2746</line>
    </frame>
    <frame>
      <class>java.awt.Component</class>
      <method>dispatchEvent</method>
      <line>4711</line>
    </frame>
    <frame>
      <class>java.awt.EventQueue</class>
      <method>dispatchEventImpl</method>
      <line>760</line>
    </frame>
    <frame>
      <class>java.awt.EventQueue</class>
      <method>access$500</method>
      <line>97</line>
    </frame>
    <frame>
      <class>java.awt.EventQueue$3</class>
      <method>run</method>
      <line>709</line>
    </frame>
    <frame>
      <class>java.awt.EventQueue$3</class>
      <method>run</method>
      <line>703</line>
    </frame>
    <frame>
      <class>java.security.AccessController</class>
      <method>doPrivileged</method>
    </frame>
    <frame>
      <class>java.security.ProtectionDomain$JavaSecurityAccessImpl</class>
      <method>doIntersectionPrivilege</method>
      <line>80</line>
    </frame>
    <frame>
      <class>java.security.ProtectionDomain$JavaSecurityAccessImpl</class>
      <method>doIntersectionPrivilege</method>
      <line>90</line>
    </frame>
    <frame>
      <class>java.awt.EventQueue$4</class>
      <method>run</method>
      <line>733</line>
    </frame>
    <frame>
      <class>java.awt.EventQueue$4</class>
      <method>run</method>
      <line>731</line>
    </frame>
    <frame>
      <class>java.security.AccessController</class>
      <method>doPrivileged</method>
    </frame>
    <frame>
      <class>java.security.ProtectionDomain$JavaSecurityAccessImpl</class>
      <method>doIntersectionPrivilege</method>
      <line>80</line>
    </frame>
    <frame>
      <class>java.awt.EventQueue</class>
      <method>dispatchEvent</method>
      <line>730</line>
    </frame>
    <frame>
      <class>java.awt.EventDispatchThread</class>
      <method>pumpOneEventForFilters</method>
      <line>205</line>
    </frame>
    <frame>
      <class>java.awt.EventDispatchThread</class>
      <method>pumpEventsForFilter</method>
      <line>116</line>
    </frame>
    <frame>
      <class>java.awt.EventDispatchThread</class>
      <method>pumpEventsForHierarchy</method>
      <line>105</line>
    </frame>
    <frame>
      <class>java.awt.EventDispatchThread</class>
      <method>pumpEvents</method>
      <line>101</line>
    </frame>
    <frame>
      <class>java.awt.EventDispatchThread</class>
      <method>pumpEvents</method>
      <line>93</line>
    </frame>
    <frame>
      <class>java.awt.EventDispatchThread</class>
      <method>run</method>
      <line>82</line>
    </frame>
  </exception>
</record>
</log>
